<?xml version="1.0" encoding="UTF-8"?>
<!-- Generated by org.testng.reporters.JUnitReportReporter -->
<testsuite name="testcase.Login" tests="1" failures="0" timestamp="2 Feb 2016 12:04:58 GMT" time="0.005" errors="0">
  <testcase name="startup" time="0.005" classname="testcase.Login"/>
</testsuite> <!-- testcase.Login -->
