<?xml version="1.0" encoding="UTF-8"?>
<!-- Generated by org.testng.reporters.JUnitReportReporter -->
<testsuite name="testcase.ForgotPassWordTest" tests="2" failures="0" timestamp="1 Feb 2016 09:21:54 GMT" time="53.552" errors="0">
  <testcase name="testforgotPassWord" time="12.154" classname="testcase.ForgotPassWordTest"/>
  <testcase name="forgotPassWordEmailValidationTest" time="41.398" classname="testcase.ForgotPassWordTest"/>
</testsuite> <!-- testcase.ForgotPassWordTest -->
