<?xml version="1.0" encoding="UTF-8"?>
<!-- Generated by org.testng.reporters.JUnitReportReporter -->
<testsuite hostname="shukrani-244" name="com.craftsvilla.testcase.Login" tests="1" failures="0" timestamp="11 Aug 2016 05:33:46 GMT" time="0.000" errors="0">
  <testcase name="startup" time="0.000" classname="com.craftsvilla.testcase.Login"/>
</testsuite> <!-- com.craftsvilla.testcase.Login -->
