<?xml version="1.0" encoding="UTF-8"?>
<!-- Generated by org.testng.reporters.JUnitReportReporter -->
<testsuite name="testcase.OrderPlacing" tests="2" failures="0" timestamp="1 Feb 2016 09:21:54 GMT" time="173.536" errors="0">
  <testcase name="codOrderPlaceTest" time="117.526" classname="testcase.OrderPlacing"/>
  <testcase name="addToCartTest" time="56.010" classname="testcase.OrderPlacing"/>
</testsuite> <!-- testcase.OrderPlacing -->
