<?xml version="1.0" encoding="UTF-8"?>
<!-- Generated by org.testng.reporters.JUnitReportReporter -->
<testsuite hostname="shukrani-244" name="com.craftsvilla.testcase.OrderPlacing" tests="1" failures="0" timestamp="11 Aug 2016 05:33:46 GMT" time="99.092" errors="0">
  <testcase name="codOrderPlaceGuestCheckout" time="99.092" classname="com.craftsvilla.testcase.OrderPlacing"/>
</testsuite> <!-- com.craftsvilla.testcase.OrderPlacing -->
