<?xml version="1.0" encoding="UTF-8"?>
<!-- Generated by org.testng.reporters.JUnitReportReporter -->
<testsuite hostname="shukrani-244" name="com.craftsvilla.testcase.ForgotPassWordTest" tests="2" failures="0" timestamp="9 Aug 2016 11:13:36 GMT" time="97.272" errors="0">
  <testcase name="testforgotPassWord" time="55.680" classname="com.craftsvilla.testcase.ForgotPassWordTest"/>
  <testcase name="forgotPassWordEmailValidationTest" time="41.592" classname="com.craftsvilla.testcase.ForgotPassWordTest"/>
</testsuite> <!-- com.craftsvilla.testcase.ForgotPassWordTest -->
